{
  "stats": {
    "suites": 1,
    "tests": 2,
    "passes": 1,
    "pending": 1,
    "failures": 0,
    "start": "2024-07-27T01:21:57.257Z",
    "end": "2024-07-27T01:21:58.643Z",
    "duration": 1386,
    "testsRegistered": 2,
    "passPercent": 100,
    "pendingPercent": 50,
    "other": 0,
    "hasOther": false,
    "skipped": 0,
    "hasSkipped": false
  },
  "results": [
    {
      "uuid": "abf8731f-fe38-4077-9bb3-288dda119274",
      "title": "",
      "fullFile": "/Users/ammar/Downloads/mysarung/MySkill - QA/apitest-live-javascript/test/api/chaiAssert.js",
      "file": "/test/api/chaiAssert.js",
      "beforeHooks": [],
      "afterHooks": [],
      "tests": [],
      "suites": [
        {
          "uuid": "06683766-46b1-4cf4-ad57-ed7d55f83f72",
          "title": "Example of Post Request",
          "fullFile": "/Users/ammar/Downloads/mysarung/MySkill - QA/apitest-live-javascript/test/api/chaiAssert.js",
          "file": "/test/api/chaiAssert.js",
          "beforeHooks": [],
          "afterHooks": [],
          "tests": [
            {
              "title": "Response Status is Equal to 200",
              "fullTitle": "Example of Post Request Response Status is Equal to 200",
              "timedOut": false,
              "duration": 1381,
              "state": "passed",
              "speed": "slow",
              "pass": true,
              "fail": false,
              "pending": false,
              "context": null,
              "code": "// check response status harus sama dengan 200\nexpect((await response).status).to.equal(200)",
              "err": {},
              "uuid": "9f6533ee-ad55-4389-9fdd-8413d1641768",
              "parentUUID": "06683766-46b1-4cf4-ad57-ed7d55f83f72",
              "isHook": false,
              "skipped": false
            },
            {
              "title": "response body to haveOwnProperty",
              "fullTitle": "Example of Post Request response body to haveOwnProperty",
              "timedOut": false,
              "duration": 0,
              "state": "pending",
              "speed": null,
              "pass": false,
              "fail": false,
              "pending": true,
              "context": null,
              "code": "",
              "err": {},
              "uuid": "78b1cd4b-5670-4569-969b-020e78e9876a",
              "parentUUID": "06683766-46b1-4cf4-ad57-ed7d55f83f72",
              "isHook": false,
              "skipped": false
            }
          ],
          "suites": [],
          "passes": [
            "9f6533ee-ad55-4389-9fdd-8413d1641768"
          ],
          "failures": [],
          "pending": [
            "78b1cd4b-5670-4569-969b-020e78e9876a"
          ],
          "skipped": [],
          "duration": 1381,
          "root": false,
          "rootEmpty": false,
          "_timeout": 2000
        }
      ],
      "passes": [],
      "failures": [],
      "pending": [],
      "skipped": [],
      "duration": 0,
      "root": true,
      "rootEmpty": true,
      "_timeout": 2000
    }
  ],
  "meta": {
    "mocha": {
      "version": "10.7.0"
    },
    "mochawesome": {
      "options": {
        "quiet": false,
        "reportFilename": "mochawesome",
        "saveHtml": true,
        "saveJson": true,
        "consoleReporter": "spec",
        "useInlineDiffs": false,
        "code": true
      },
      "version": "7.1.3"
    },
    "marge": {
      "options": null,
      "version": "6.2.0"
    }
  }
}